0 info it worked if it ends with ok
1 verbose cli [ '/Users/e063428/.nvm/versions/node/v6.10.2/bin/node',
1 verbose cli   '/Users/e063428/.nvm/versions/node/v6.10.2/bin/npm',
1 verbose cli   'run',
1 verbose cli   'dev' ]
2 info using npm@3.10.10
3 info using node@v6.10.2
4 verbose run-script [ 'predev', 'dev', 'postdev' ]
5 info lifecycle graphql-starter@0.0.1~predev: graphql-starter@0.0.1
6 silly lifecycle graphql-starter@0.0.1~predev: no script for predev, continuing
7 info lifecycle graphql-starter@0.0.1~dev: graphql-starter@0.0.1
8 verbose lifecycle graphql-starter@0.0.1~dev: unsafe-perm in lifecycle true
9 verbose lifecycle graphql-starter@0.0.1~dev: PATH: /Users/e063428/.nvm/versions/node/v6.10.2/lib/node_modules/npm/bin/node-gyp-bin:/Users/e063428/Dev/ir-stuff/spotify-track-filter--api/node_modules/.bin:/Users/e063428/Dev/ir-stuff/spotify-track-filter--api/node_modules/.bin:/Users/e063428/.config/yarn/link/node_modules/.bin:/Users/e063428/Dev/ir-stuff/spotify-track-filter--api/node_modules/.bin:/Users/e063428/.config/yarn/link/node_modules/.bin:/Users/e063428/.nvm/versions/node/v6.10.2/lib/node_modules/npm/bin/node-gyp-bin:/Users/e063428/.nvm/versions/node/v6.10.2/bin/node_modules/npm/bin/node-gyp-bin:/Users/e063428/.nvm/versions/node/v6.10.2/bin:/Users/e063428/.yarn/bin:/usr/local/bin:/usr/bin:/bin:/usr/sbin:/sbin
10 verbose lifecycle graphql-starter@0.0.1~dev: CWD: /Users/e063428/Dev/ir-stuff/spotify-track-filter--api
11 silly lifecycle graphql-starter@0.0.1~dev: Args: [ '-c', 'better-npm-run dev' ]
12 silly lifecycle graphql-starter@0.0.1~dev: Returned: code: 1  signal: null
13 info lifecycle graphql-starter@0.0.1~dev: Failed to exec dev script
14 verbose stack Error: graphql-starter@0.0.1 dev: `better-npm-run dev`
14 verbose stack Exit status 1
14 verbose stack     at EventEmitter.<anonymous> (/Users/e063428/.nvm/versions/node/v6.10.2/lib/node_modules/npm/lib/utils/lifecycle.js:255:16)
14 verbose stack     at emitTwo (events.js:106:13)
14 verbose stack     at EventEmitter.emit (events.js:191:7)
14 verbose stack     at ChildProcess.<anonymous> (/Users/e063428/.nvm/versions/node/v6.10.2/lib/node_modules/npm/lib/utils/spawn.js:40:14)
14 verbose stack     at emitTwo (events.js:106:13)
14 verbose stack     at ChildProcess.emit (events.js:191:7)
14 verbose stack     at maybeClose (internal/child_process.js:886:16)
14 verbose stack     at Process.ChildProcess._handle.onexit (internal/child_process.js:226:5)
15 verbose pkgid graphql-starter@0.0.1
16 verbose cwd /Users/e063428/Dev/ir-stuff/spotify-track-filter--api
17 error Darwin 16.7.0
18 error argv "/Users/e063428/.nvm/versions/node/v6.10.2/bin/node" "/Users/e063428/.nvm/versions/node/v6.10.2/bin/npm" "run" "dev"
19 error node v6.10.2
20 error npm  v3.10.10
21 error code ELIFECYCLE
22 error graphql-starter@0.0.1 dev: `better-npm-run dev`
22 error Exit status 1
23 error Failed at the graphql-starter@0.0.1 dev script 'better-npm-run dev'.
23 error Make sure you have the latest version of node.js and npm installed.
23 error If you do, this is most likely a problem with the graphql-starter package,
23 error not with npm itself.
23 error Tell the author that this fails on your system:
23 error     better-npm-run dev
23 error You can get information on how to open an issue for this project with:
23 error     npm bugs graphql-starter
23 error Or if that isn't available, you can get their info via:
23 error     npm owner ls graphql-starter
23 error There is likely additional logging output above.
24 verbose exit [ 1, true ]
